#
# A fatal error has been detected by the Java Runtime Environment:
#
#  Internal Error (classFileParser.cpp:3494), pid=3032, tid=7648
#  Error: ShouldNotReachHere()
#
# JRE version: 6.0_29-b11
# Java VM: Java HotSpot(TM) Client VM (20.4-b02 mixed mode windows-x86 )
# If you would like to submit a bug report, please visit:
#   http://java.sun.com/webapps/bugreport/crash.jsp
#

---------------  T H R E A D  ---------------

Current thread (0x003e9800):  JavaThread "Unknown thread" [_thread_in_vm, id=7648, stack(0x00210000,0x00260000)]

Stack: [0x00210000,0x00260000],  sp=0x0025f86c,  free space=318k
Native frames: (J=compiled Java code, j=interpreted, Vv=VM code, C=native code)
V  [jvm.dll+0x1335ba]
V  [jvm.dll+0x12e56b]
V  [jvm.dll+0x1639e]
V  [jvm.dll+0x17bdf]
V  [jvm.dll+0x26cc5]
V  [jvm.dll+0x27506]
V  [jvm.dll+0x278b5]
V  [jvm.dll+0x27949]
V  [jvm.dll+0x27a0c]
V  [jvm.dll+0x27a8a]
V  [jvm.dll+0x27b6d]
V  [jvm.dll+0x27e39]
V  [jvm.dll+0x6c383]
V  [jvm.dll+0x6c75c]
V  [jvm.dll+0xf9b4c]
V  [jvm.dll+0x11848b]
V  [jvm.dll+0x9eb60]
C  [javaw.exe+0x1657]
C  [javaw.exe+0x1e2c]
C  [javaw.exe+0x8614]
C  [kernel32.dll+0x1339a]  BaseThreadInitThunk+0x12
C  [ntdll.dll+0x39ef2]  RtlInitializeExceptionChain+0x63
C  [ntdll.dll+0x39ec5]  RtlInitializeExceptionChain+0x36


---------------  P R O C E S S  ---------------

Java Threads: ( => current thread )

Other Threads:

=>0x003e9800 (exited) JavaThread "Unknown thread" [_thread_in_vm, id=7648, stack(0x00210000,0x00260000)]

VM state:not at safepoint (not fully initialized)

VM Mutex/Monitor currently owned by a thread: None

Dynamic libraries:
0x00400000 - 0x00424000 	D:\Programme 32\_Development\Java\jre6\bin\javaw.exe
0x77d80000 - 0x77f00000 	C:\Windows\SysWOW64\ntdll.dll
0x76a80000 - 0x76b90000 	C:\Windows\syswow64\kernel32.dll
0x76630000 - 0x76676000 	C:\Windows\syswow64\KERNELBASE.dll
0x769d0000 - 0x76a70000 	C:\Windows\syswow64\ADVAPI32.dll
0x77410000 - 0x774bc000 	C:\Windows\syswow64\msvcrt.dll
0x76860000 - 0x76879000 	C:\Windows\SysWOW64\sechost.dll
0x76fe0000 - 0x770d0000 	C:\Windows\syswow64\RPCRT4.dll
0x75460000 - 0x754c0000 	C:\Windows\syswow64\SspiCli.dll
0x75450000 - 0x7545c000 	C:\Windows\syswow64\CRYPTBASE.dll
0x76750000 - 0x76850000 	C:\Windows\syswow64\USER32.dll
0x76b90000 - 0x76c20000 	C:\Windows\syswow64\GDI32.dll
0x769c0000 - 0x769ca000 	C:\Windows\syswow64\LPK.dll
0x76eb0000 - 0x76f4d000 	C:\Windows\syswow64\USP10.dll
0x73250000 - 0x7329c000 	C:\Windows\system32\apphelp.dll
0x72a00000 - 0x72a8d000 	C:\Windows\AppPatch\AcLayers.DLL
0x75890000 - 0x764da000 	C:\Windows\syswow64\SHELL32.dll
0x768a0000 - 0x768f7000 	C:\Windows\syswow64\SHLWAPI.dll
0x756f0000 - 0x7584c000 	C:\Windows\syswow64\ole32.dll
0x754c0000 - 0x7554f000 	C:\Windows\syswow64\OLEAUT32.dll
0x74d10000 - 0x74d27000 	C:\Windows\system32\USERENV.dll
0x74d00000 - 0x74d0b000 	C:\Windows\system32\profapi.dll
0x72840000 - 0x72891000 	C:\Windows\system32\WINSPOOL.DRV
0x750a0000 - 0x750b2000 	C:\Windows\system32\MPR.dll
0x771f0000 - 0x77250000 	C:\Windows\system32\IMM32.DLL
0x76680000 - 0x7674c000 	C:\Windows\syswow64\MSCTF.dll
0x7c340000 - 0x7c396000 	D:\Programme 32\_Development\Java\jre6\bin\msvcr71.dll
0x6d7f0000 - 0x6da9f000 	D:\Programme 32\_Development\Java\jre6\bin\client\jvm.dll
0x73720000 - 0x73752000 	C:\Windows\system32\WINMM.dll
0x6d7a0000 - 0x6d7ac000 	D:\Programme 32\_Development\Java\jre6\bin\verify.dll
0x6d320000 - 0x6d33f000 	D:\Programme 32\_Development\Java\jre6\bin\java.dll
0x6d7e0000 - 0x6d7ef000 	D:\Programme 32\_Development\Java\jre6\bin\zip.dll
0x76a70000 - 0x76a75000 	C:\Windows\system32\PSAPI.DLL

VM Arguments:
jvm_args: -Dfile.encoding=Cp1252 -Xbootclasspath:D:\Programme 32\_Development\android-sdk-windows\platforms\android-8\android.jar 
java_command: com.binaryme.hellogallery.Main
Launcher Type: SUN_STANDARD

Environment Variables:
JAVA_HOME=D:\Programme 32\_Development\Java\jdk1.6.0_23
CLASSPATH=.;C:\Program Files (x86)\QuickTime\QTSystem\QTJava.zip
PATH=D:/Programme 32/_Development/Java/jre6/bin/client;D:/Programme 32/_Development/Java/jre6/bin;D:/Programme 32/_Development/Java/jre6/lib/i386;C:\Program Files (x86)\PC Connectivity Solution\;C:\Program Files\Common Files\Microsoft Shared\Windows Live;d:\Programme 32\MiKTeX 2.9\miktex\bin;D:\Programme 32\_Development\Active Python\;D:\Programme 32\_Development\Active Python\Scripts;d:\Programme 32\_Development\Ruby192\bin;C:\Windows\system32;C:\Windows;C:\Windows\System32\Wbem;C:\Windows\System32\WindowsPowerShell\v1.0\;D:\Programme 32\_Development\Java\jdk1.6.0_23\jre\bin;C:\Program Files (x86)\QuickTime\QTSystem\;D:\Programme 32\_Development\SlikSvn\bin\;D:\Programme 64\TortoiseSVN\bin;D:\Programme 32\Notepad++;d:\Programme 32\_Development\Msys Git\cmd;D:\Programme 32\_Development\android-sdk-windows\tools;C:\Program Files\Common Files\Microsoft Shared\Windows Live;C:\Users\skip\AppData\Roaming\Python\Scripts;D:\Programme 32\_Development\google_appengine\;D:\Programme Portable\AWS\ec2-api-tools\bin;D:\Programme Portable\AWS\ec2-ami-tools\bin;D:\Programme 32\_Development\android-sdk-windows\platform-tools;;D:\;
USERNAME=skip
OS=Windows_NT
PROCESSOR_IDENTIFIER=Intel64 Family 6 Model 15 Stepping 11, GenuineIntel



---------------  S Y S T E M  ---------------

OS: Windows 7 , 64 bit Build 7601 Service Pack 1

CPU:total 4 (4 cores per cpu, 1 threads per core) family 6 model 15 stepping 11, cmov, cx8, fxsr, mmx, sse, sse2, sse3, ssse3

Memory: 4k page, physical 6289912k(1752112k free), swap 12577976k(4433748k free)

vm_info: Java HotSpot(TM) Client VM (20.4-b02) for windows-x86 JRE (1.6.0_29-b11), built on Oct  3 2011 01:01:08 by "java_re" with MS VC++ 7.1 (VS2003)

time: Sun Feb 26 11:20:13 2012
elapsed time: 0 seconds

