#
# A fatal error has been detected by the Java Runtime Environment:
#
#  Internal Error (classFileParser.cpp:3494), pid=6472, tid=7152
#  Error: ShouldNotReachHere()
#
# JRE version: 6.0_26-b03
# Java VM: Java HotSpot(TM) Client VM (20.1-b02 mixed mode windows-x86 )
# If you would like to submit a bug report, please visit:
#   http://java.sun.com/webapps/bugreport/crash.jsp
#

---------------  T H R E A D  ---------------

Current thread (0x003b9800):  JavaThread "Unknown thread" [_thread_in_vm, id=7152, stack(0x01f50000,0x01fa0000)]

Stack: [0x01f50000,0x01fa0000],  sp=0x01f9f86c,  free space=318k
Native frames: (J=compiled Java code, j=interpreted, Vv=VM code, C=native code)
V  [jvm.dll+0x13379a]
V  [jvm.dll+0x12e6fb]
V  [jvm.dll+0x163fe]
V  [jvm.dll+0x17c1f]
V  [jvm.dll+0x26cc5]
V  [jvm.dll+0x27506]
V  [jvm.dll+0x278b5]
V  [jvm.dll+0x27949]
V  [jvm.dll+0x27a0c]
V  [jvm.dll+0x27a8a]
V  [jvm.dll+0x27b6d]
V  [jvm.dll+0x27e39]
V  [jvm.dll+0x6c523]
V  [jvm.dll+0x6c8fc]
V  [jvm.dll+0xf9d5c]
V  [jvm.dll+0x11864b]
V  [jvm.dll+0x9ec30]
C  [javaw.exe+0x1657]
C  [javaw.exe+0x1e2c]
C  [javaw.exe+0x8644]
C  [kernel32.dll+0x1339a]  BaseThreadInitThunk+0x12
C  [ntdll.dll+0x39ed2]  RtlInitializeExceptionChain+0x63
C  [ntdll.dll+0x39ea5]  RtlInitializeExceptionChain+0x36


---------------  P R O C E S S  ---------------

Java Threads: ( => current thread )

Other Threads:

=>0x003b9800 (exited) JavaThread "Unknown thread" [_thread_in_vm, id=7152, stack(0x01f50000,0x01fa0000)]

VM state:not at safepoint (not fully initialized)

VM Mutex/Monitor currently owned by a thread: None

Dynamic libraries:
0x00400000 - 0x00424000 	D:\Programme 32\_Development\Java\jre6\bin\javaw.exe
0x77660000 - 0x777e0000 	C:\Windows\SysWOW64\ntdll.dll
0x75670000 - 0x75780000 	C:\Windows\syswow64\kernel32.dll
0x76ca0000 - 0x76ce6000 	C:\Windows\syswow64\KERNELBASE.dll
0x75a50000 - 0x75af0000 	C:\Windows\syswow64\ADVAPI32.dll
0x76cf0000 - 0x76d9c000 	C:\Windows\syswow64\msvcrt.dll
0x75ed0000 - 0x75ee9000 	C:\Windows\SysWOW64\sechost.dll
0x75890000 - 0x75980000 	C:\Windows\syswow64\RPCRT4.dll
0x74d50000 - 0x74db0000 	C:\Windows\syswow64\SspiCli.dll
0x74d40000 - 0x74d4c000 	C:\Windows\syswow64\CRYPTBASE.dll
0x74f00000 - 0x75000000 	C:\Windows\syswow64\USER32.dll
0x75b90000 - 0x75c20000 	C:\Windows\syswow64\GDI32.dll
0x75780000 - 0x7578a000 	C:\Windows\syswow64\LPK.dll
0x75180000 - 0x7521d000 	C:\Windows\syswow64\USP10.dll
0x74610000 - 0x7465c000 	C:\Windows\system32\apphelp.dll
0x72cb0000 - 0x72d3d000 	C:\Windows\AppPatch\AcLayers.DLL
0x76050000 - 0x76c9a000 	C:\Windows\syswow64\SHELL32.dll
0x757a0000 - 0x757f7000 	C:\Windows\syswow64\SHLWAPI.dll
0x75ef0000 - 0x7604c000 	C:\Windows\syswow64\ole32.dll
0x755e0000 - 0x7566f000 	C:\Windows\syswow64\OLEAUT32.dll
0x745b0000 - 0x745c7000 	C:\Windows\system32\USERENV.dll
0x745a0000 - 0x745ab000 	C:\Windows\system32\profapi.dll
0x6ed10000 - 0x6ed61000 	C:\Windows\system32\WINSPOOL.DRV
0x72df0000 - 0x72e02000 	C:\Windows\system32\MPR.dll
0x75120000 - 0x75180000 	C:\Windows\system32\IMM32.DLL
0x75980000 - 0x75a4c000 	C:\Windows\syswow64\MSCTF.dll
0x7c340000 - 0x7c396000 	D:\Programme 32\_Development\Java\jre6\bin\msvcr71.dll
0x6d7f0000 - 0x6da9f000 	D:\Programme 32\_Development\Java\jre6\bin\client\jvm.dll
0x731e0000 - 0x73212000 	C:\Windows\system32\WINMM.dll
0x6d7a0000 - 0x6d7ac000 	D:\Programme 32\_Development\Java\jre6\bin\verify.dll
0x6d320000 - 0x6d33f000 	D:\Programme 32\_Development\Java\jre6\bin\java.dll
0x77630000 - 0x77635000 	C:\Windows\system32\PSAPI.DLL
0x6d370000 - 0x6d39a000 	D:\Programme 32\_Development\Java\jre6\bin\jdwp.dll
0x6d690000 - 0x6d696000 	D:\Programme 32\_Development\Java\jre6\bin\npt.dll
0x6d7e0000 - 0x6d7ef000 	D:\Programme 32\_Development\Java\jre6\bin\zip.dll

VM Arguments:
jvm_args: -agentlib:jdwp=transport=dt_socket,suspend=y,address=localhost:60480 -Dfile.encoding=Cp1252 -Xbootclasspath:D:\Programme 32\_Development\android-sdk-windows\platforms\android-8\android.jar 
java_command: com.binaryme.Controller.MyTestclass
Launcher Type: SUN_STANDARD

Environment Variables:
JAVA_HOME=d:\Programme 32\_Development\Java\jre6\bin
CLASSPATH=.;C:\Program Files (x86)\QuickTime\QTSystem\QTJava.zip
PATH=D:/Programme 32/_Development/Java/jre6/bin/client;D:/Programme 32/_Development/Java/jre6/bin;D:/Programme 32/_Development/Java/jre6/lib/i386;d:\Programme 32\MiKTeX 2.9\miktex\bin;D:\Programme 32\_Development\Active Python\;D:\Programme 32\_Development\Active Python\Scripts;d:\Programme 32\_Development\Ruby192\bin;C:\Windows\system32;C:\Windows;C:\Windows\System32\Wbem;C:\Windows\System32\WindowsPowerShell\v1.0\;D:\Programme 32\_Development\Java\jdk1.6.0_23\jre\bin;C:\Program Files (x86)\QuickTime\QTSystem\;D:\Programme 32\_Development\SlikSvn\bin\;D:\Programme 64\TortoiseSVN\bin;d:\Programme 32\jEdit;C:\Users\skip\AppData\Roaming\Python\Scripts;D:\Programme 32\_Development\google_appengine\;D:\;
USERNAME=skip
OS=Windows_NT
PROCESSOR_IDENTIFIER=Intel64 Family 6 Model 15 Stepping 11, GenuineIntel



---------------  S Y S T E M  ---------------

OS: Windows 7 Build 7601 Service Pack 1

CPU:total 4 (4 cores per cpu, 1 threads per core) family 6 model 15 stepping 11, cmov, cx8, fxsr, mmx, sse, sse2, sse3, ssse3

Memory: 4k page, physical 6289912k(2980968k free), swap 12577976k(6730656k free)

vm_info: Java HotSpot(TM) Client VM (20.1-b02) for windows-x86 JRE (1.6.0_26-b03), built on May  4 2011 00:50:59 by "java_re" with MS VC++ 7.1 (VS2003)

time: Sun Jul 31 23:49:12 2011
elapsed time: 0 seconds

